Build started 5/14/2015 6:21:47 PM.
     1>Project "C:\Users\brandon\Documents\Systems Organization\Classwork\4-23_Matrix\Matrix Optimization\Matrix Optimization\Matrix Optimization.vcxproj" on node 2 (build target(s)).
     1>InitializeBuildStatus:
         Creating "Debug\Matrix Optimization.unsuccessfulbuild" because "AlwaysCreate" was specified.
       CustomBuild:
         All outputs are up-to-date.
       ClCompile:
         C:\Program Files (x86)\Microsoft Visual Studio 10.0\VC\bin\CL.exe /c /ZI /nologo /W3 /WX- /Od /Oy- /D _MBCS /Gm /EHsc /RTC1 /MDd /GS /fp:precise /Zc:wchar_t /Zc:forScope /Fo"Debug\\" /Fd"Debug\vc100.pdb" /Gd /TP /analyze- /errorReport:prompt main.cpp
         main.cpp
         All outputs are up-to-date.
       Link:
         C:\Program Files (x86)\Microsoft Visual Studio 10.0\VC\bin\link.exe /ERRORREPORT:PROMPT /OUT:"C:\Users\brandon\Documents\Systems Organization\Classwork\4-23_Matrix\Matrix Optimization\Debug\Matrix Optimization.exe" /NOLOGO kernel32.lib user32.lib gdi32.lib winspool.lib comdlg32.lib advapi32.lib shell32.lib ole32.lib oleaut32.lib uuid.lib odbc32.lib odbccp32.lib /MANIFEST /ManifestFile:"Debug\Matrix Optimization.exe.intermediate.manifest" /MANIFESTUAC:"level='asInvoker' uiAccess='false'" /DEBUG /PDB:"C:\Users\brandon\Documents\Systems Organization\Classwork\4-23_Matrix\Matrix Optimization\Debug\Matrix Optimization.pdb" /TLBID:1 /DYNAMICBASE /NXCOMPAT /IMPLIB:"C:\Users\brandon\Documents\Systems Organization\Classwork\4-23_Matrix\Matrix Optimization\Debug\Matrix Optimization.lib" /MACHINE:X86 Debug\matrix_multiplication.obj
         Debug\main.obj
         Debug\matrix_multiplication.obj
         LINK : C:\Users\brandon\Documents\Systems Organization\Classwork\4-23_Matrix\Matrix Optimization\Debug\Matrix Optimization.exe not found or not built by the last incremental link; performing full link
     1>Debug\matrix_multiplication.obj : warning LNK4042: object specified more than once; extras ignored
         Matrix Optimization.vcxproj -> C:\Users\brandon\Documents\Systems Organization\Classwork\4-23_Matrix\Matrix Optimization\Debug\Matrix Optimization.exe
       Manifest:
         C:\Program Files (x86)\Microsoft SDKs\Windows\v7.0A\bin\mt.exe /nologo /verbose /outputresource:"C:\Users\brandon\Documents\Systems Organization\Classwork\4-23_Matrix\Matrix Optimization\Debug\Matrix Optimization.exe;#1" /manifest "Debug\Matrix Optimization.exe.intermediate.manifest"
       FinalizeBuildStatus:
         Deleting file "Debug\Matrix Optimization.unsuccessfulbuild".
         Touching "Debug\Matrix Optimization.lastbuildstate".
     1>Done Building Project "C:\Users\brandon\Documents\Systems Organization\Classwork\4-23_Matrix\Matrix Optimization\Matrix Optimization\Matrix Optimization.vcxproj" (build target(s)).

Build succeeded.

Time Elapsed 00:00:04.59
