Build started 4/15/2015 4:43:31 PM.
     1>Project "C:\Users\brandon\Documents\Systems Organization\Classwork\VectorSSE\VectorSSE\VectorSSE.vcxproj" on node 2 (build target(s)).
     1>PrepareForBuild:
         Creating directory "C:\Users\brandon\Documents\Systems Organization\Classwork\VectorSSE\Debug\".
       InitializeBuildStatus:
         Creating "Debug\VectorSSE.unsuccessfulbuild" because "AlwaysCreate" was specified.
       ClCompile:
         C:\Program Files (x86)\Microsoft Visual Studio 10.0\VC\bin\CL.exe /c /ZI /nologo /W3 /WX- /Od /Oy- /D _MBCS /Gm /EHsc /RTC1 /MDd /GS /fp:precise /Zc:wchar_t /Zc:forScope /Fo"Debug\\" /Fd"Debug\vc100.pdb" /Gd /TP /analyze- /errorReport:prompt vector.cpp
         vector.cpp
       Link:
         C:\Program Files (x86)\Microsoft Visual Studio 10.0\VC\bin\link.exe /ERRORREPORT:PROMPT /OUT:"C:\Users\brandon\Documents\Systems Organization\Classwork\VectorSSE\Debug\VectorSSE.exe" /NOLOGO kernel32.lib user32.lib gdi32.lib winspool.lib comdlg32.lib advapi32.lib shell32.lib ole32.lib oleaut32.lib uuid.lib odbc32.lib odbccp32.lib /MANIFEST /ManifestFile:"Debug\VectorSSE.exe.intermediate.manifest" /MANIFESTUAC:"level='asInvoker' uiAccess='false'" /DEBUG /PDB:"C:\Users\brandon\Documents\Systems Organization\Classwork\VectorSSE\Debug\VectorSSE.pdb" /TLBID:1 /DYNAMICBASE /NXCOMPAT /IMPLIB:"C:\Users\brandon\Documents\Systems Organization\Classwork\VectorSSE\Debug\VectorSSE.lib" /MACHINE:X86 Debug\vector.obj
         VectorSSE.vcxproj -> C:\Users\brandon\Documents\Systems Organization\Classwork\VectorSSE\Debug\VectorSSE.exe
       Manifest:
         C:\Program Files (x86)\Microsoft SDKs\Windows\v7.0A\bin\mt.exe /nologo /verbose /outputresource:"C:\Users\brandon\Documents\Systems Organization\Classwork\VectorSSE\Debug\VectorSSE.exe;#1" /manifest Debug\VectorSSE.exe.intermediate.manifest
       FinalizeBuildStatus:
         Deleting file "Debug\VectorSSE.unsuccessfulbuild".
         Touching "Debug\VectorSSE.lastbuildstate".
     1>Done Building Project "C:\Users\brandon\Documents\Systems Organization\Classwork\VectorSSE\VectorSSE\VectorSSE.vcxproj" (build target(s)).

Build succeeded.

Time Elapsed 00:00:01.96
